#
# A fatal error has been detected by the Java Runtime Environment:
#
#  EXCEPTION_ACCESS_VIOLATION (0xc0000005) at pc=0x000000006430e4ce, pid=4920, tid=6676
#
# JRE version: Java(TM) SE Runtime Environment (7.0_55-b13) (build 1.7.0_55-b13)
# Java VM: Java HotSpot(TM) 64-Bit Server VM (24.55-b03 mixed mode windows-amd64 compressed oops)
# Problematic frame:
# C  [dcpr.dll+0xe4ce]
#
# Failed to write core dump. Minidumps are not enabled by default on client versions of Windows
#
# If you would like to submit a bug report, please visit:
#   http://bugreport.sun.com/bugreport/crash.jsp
# The crash happened outside the Java Virtual Machine in native code.
# See problematic frame for where to report the bug.
#

---------------  T H R E A D  ---------------

Current thread (0x000000000cc95000):  JavaThread "AWT-EventQueue-0" [_thread_in_native, id=6676, stack(0x000000000dea0000,0x000000000dfa0000)]

siginfo: ExceptionCode=0xc0000005, reading address 0xffffffff64325500

Registers:
RAX=0x0000000080000000, RBX=0x000000000df9b488, RCX=0xffffffff80000000, RDX=0x0000000064300000
RSP=0x000000000df9b418, RBP=0x000000000df9b4a0, RSI=0x000000000f5299b0, RDI=0x000000000cd9d758
R8 =0x000000000df9b488, R9 =0x000000077d277370, R10=0x000000000227991d, R11=0x00000000636afc90
R12=0x0000000000000000, R13=0x000000077d276a20, R14=0x000000000df9b5b8, R15=0x000000000cc95000
RIP=0x000000006430e4ce, EFLAGS=0x0000000000010247

Top of Stack: (sp=0x000000000df9b418)
0x000000000df9b418:   000000006430a2d4 0000000000000000
0x000000000df9b428:   000000000df9b5d8 0000000000000200
0x000000000df9b438:   0000000063a4dde8 0000000000000000
0x000000000df9b448:   000000006430b508 000000000f5299b0
0x000000000df9b458:   000000006430a979 000000000cd9d758
0x000000000df9b468:   0000000000000002 0000000000000000
0x000000000df9b478:   00000000635f1249 ffc00000434f8000
0x000000000df9b488:   434f800043cbc000 434f8000ffc00000
0x000000000df9b498:   0000ff1e7af752d9 000000000f5299b0
0x000000000df9b4a8:   000000000cc951e8 000000000df9b588
0x000000000df9b4b8:   0000000064303b13 000000000cc951e8
0x000000000df9b4c8:   000000000df9b588 0000000000000002
0x000000000df9b4d8:   00000000434f8000 0000000000000000
0x000000000df9b4e8:   0000000000000000 0000000000000000
0x000000000df9b4f8:   0000000000000000 0000000000000004
0x000000000df9b508:   0000000002279949 000000077d276a28 

Instructions: (pc=0x000000006430e4ce)
0x000000006430e4ae:   5e c1 48 8d 15 49 1b ff ff f3 0f 59 05 31 29 00
0x000000006430e4be:   00 f3 0f 58 05 39 28 00 00 f3 0f 2c c0 48 63 c8
0x000000006430e4ce:   48 0f bf 84 4a 00 55 02 00 f3 0f 5e 8c 82 f0 4c
0x000000006430e4de:   02 00 0f 28 c1 c3 48 89 5c 24 08 57 48 83 ec 30 


Register to memory mapping:

RAX=0x0000000080000000 is an unknown value
RBX=0x000000000df9b488 is pointing into the stack for thread: 0x000000000cc95000
RCX=0xffffffff80000000 is an unknown value
RDX=0x0000000064300000 is an unknown value
RSP=0x000000000df9b418 is pointing into the stack for thread: 0x000000000cc95000
RBP=0x000000000df9b4a0 is pointing into the stack for thread: 0x000000000cc95000
RSI=0x000000000f5299b0 is an unknown value
RDI=0x000000000cd9d758 is an unknown value
R8 =0x000000000df9b488 is pointing into the stack for thread: 0x000000000cc95000
R9 =0x000000077d277370 is an oop
{instance class} 
 - klass: {other class}
R10=0x000000000227991d is at code_begin+1277 in an Interpreter codelet
method entry point (kind = native)  [0x0000000002279420, 0x000000000227a2e0]  3776 bytes
R11=0x00000000636afc90 is an unknown value
R12=0x0000000000000000 is an unknown value
R13=0x000000077d276a20 is pointing into object: 0x000000077d2769e0
{constMethod} 
 - klass: {other class}
 - constants:       0x000000077d275c78 constant pool [90] for 'sun/dc/pr/PathDasher' cache=0x000000077d277690
R14=0x000000000df9b5b8 is pointing into the stack for thread: 0x000000000cc95000
R15=0x000000000cc95000 is a thread


Stack: [0x000000000dea0000,0x000000000dfa0000],  sp=0x000000000df9b418,  free space=1005k
Native frames: (J=compiled Java code, j=interpreted, Vv=VM code, C=native code)
C  [dcpr.dll+0xe4ce]

Java frames: (J=compiled Java code, j=interpreted, Vv=VM code)
j  sun.dc.pr.PathDasher.appendLine(FF)V+0
j  sun.dc.DuctusRenderingEngine.feedConsumer(Lsun/dc/path/PathConsumer;Ljava/awt/geom/PathIterator;)V+134
j  sun.dc.DuctusRenderingEngine.createStrokedShape(Ljava/awt/Shape;FIIF[FF)Ljava/awt/Shape;+111
j  java.awt.BasicStroke.createStrokedShape(Ljava/awt/Shape;)Ljava/awt/Shape;+30
j  org.xhtmlrenderer.render.BorderPainter.paintPatternedRect(Lorg/xhtmlrenderer/extend/OutputDevice;Ljava/awt/Rectangle;Lorg/xhtmlrenderer/css/style/derived/BorderPropertySet;Lorg/xhtmlrenderer/css/style/derived/BorderPropertySet;[FIII)V+55
j  org.xhtmlrenderer.render.BorderPainter.paintBorderSide(Lorg/xhtmlrenderer/extend/OutputDevice;Lorg/xhtmlrenderer/css/style/derived/BorderPropertySet;Ljava/awt/Rectangle;IILorg/xhtmlrenderer/css/constants/IdentValue;IZ)V+516
j  org.xhtmlrenderer.render.BorderPainter.paint(Ljava/awt/Rectangle;ILorg/xhtmlrenderer/css/style/derived/BorderPropertySet;Lorg/xhtmlrenderer/render/RenderingContext;IZ)V+103
j  org.xhtmlrenderer.render.AbstractOutputDevice.paintBorder(Lorg/xhtmlrenderer/render/RenderingContext;Lorg/xhtmlrenderer/render/Box;)V+30
j  org.xhtmlrenderer.render.Box.paintBorder(Lorg/xhtmlrenderer/render/RenderingContext;)V+6
j  org.xhtmlrenderer.newtable.TableBox.paintBorder(Lorg/xhtmlrenderer/render/RenderingContext;)V+9
j  org.xhtmlrenderer.layout.Layer.paintBackgroundsAndBorders(Lorg/xhtmlrenderer/render/RenderingContext;Ljava/util/List;Ljava/util/Map;Lorg/xhtmlrenderer/layout/BoxCollector;)V+52
j  org.xhtmlrenderer.layout.Layer.paint(Lorg/xhtmlrenderer/render/RenderingContext;)V+175
j  org.xhtmlrenderer.layout.Layer.paintChildrenLayers(Lorg/xhtmlrenderer/render/RenderingContext;)V+121
j  org.xhtmlrenderer.layout.Layer.paint(Lorg/xhtmlrenderer/render/RenderingContext;)V+228
j  org.xhtmlrenderer.swing.BasicPanel.doRender(Lorg/xhtmlrenderer/render/RenderingContext;Lorg/xhtmlrenderer/layout/Layer;)V+57
j  org.xhtmlrenderer.swing.BasicPanel.paintComponent(Ljava/awt/Graphics;)V+82
j  javax.swing.JComponent.paint(Ljava/awt/Graphics;)V+286
J  javax.swing.JComponent.paintChildren(Ljava/awt/Graphics;)V
j  javax.swing.JComponent.paint(Ljava/awt/Graphics;)V+318
j  javax.swing.JViewport.paint(Ljava/awt/Graphics;)V+205
J  javax.swing.JComponent.paintChildren(Ljava/awt/Graphics;)V
j  javax.swing.JComponent.paint(Ljava/awt/Graphics;)V+318
J  javax.swing.JComponent.paintChildren(Ljava/awt/Graphics;)V
j  javax.swing.JComponent.paint(Ljava/awt/Graphics;)V+318
J  javax.swing.JComponent.paintChildren(Ljava/awt/Graphics;)V
j  javax.swing.JComponent.paint(Ljava/awt/Graphics;)V+318
J  javax.swing.JComponent.paintChildren(Ljava/awt/Graphics;)V
j  javax.swing.JComponent.paint(Ljava/awt/Graphics;)V+318
j  javax.swing.JLayeredPane.paint(Ljava/awt/Graphics;)V+73
J  javax.swing.JComponent.paintChildren(Ljava/awt/Graphics;)V
j  javax.swing.JComponent.paintToOffscreen(Ljava/awt/Graphics;IIIIII)V+72
j  javax.swing.RepaintManager$PaintManager.paintDoubleBuffered(Ljavax/swing/JComponent;Ljava/awt/Image;Ljava/awt/Graphics;IIII)V+163
j  javax.swing.RepaintManager$PaintManager.paint(Ljavax/swing/JComponent;Ljavax/swing/JComponent;Ljava/awt/Graphics;IIII)Z+116
j  javax.swing.RepaintManager.paint(Ljavax/swing/JComponent;Ljavax/swing/JComponent;Ljava/awt/Graphics;IIII)V+52
j  javax.swing.JComponent.paint(Ljava/awt/Graphics;)V+221
j  java.awt.GraphicsCallback$PaintCallback.run(Ljava/awt/Component;Ljava/awt/Graphics;)V+2
j  sun.awt.SunGraphicsCallback.runOneComponent(Ljava/awt/Component;Ljava/awt/Rectangle;Ljava/awt/Graphics;Ljava/awt/Shape;I)V+155
j  sun.awt.SunGraphicsCallback.runComponents([Ljava/awt/Component;Ljava/awt/Graphics;I)V+194
j  java.awt.Container.paint(Ljava/awt/Graphics;)V+58
j  java.awt.Window.paint(Ljava/awt/Graphics;)V+68
j  javax.swing.RepaintManager$3.run()Ljava/lang/Void;+136
j  javax.swing.RepaintManager$3.run()Ljava/lang/Object;+1
v  ~StubRoutines::call_stub
j  java.security.AccessController.doPrivileged(Ljava/security/PrivilegedAction;Ljava/security/AccessControlContext;)Ljava/lang/Object;+0
j  java.security.ProtectionDomain$1.doIntersectionPrivilege(Ljava/security/PrivilegedAction;Ljava/security/AccessControlContext;Ljava/security/AccessControlContext;)Ljava/lang/Object;+28
j  javax.swing.RepaintManager.paintDirtyRegions(Ljava/util/Map;)V+154
j  javax.swing.RepaintManager.paintDirtyRegions()V+46
j  javax.swing.RepaintManager.prePaintDirtyRegions()V+73
j  javax.swing.RepaintManager.access$1100(Ljavax/swing/RepaintManager;)V+1
j  javax.swing.RepaintManager$ProcessingRunnable.run()V+37
j  java.awt.event.InvocationEvent.dispatch()V+47
j  java.awt.EventQueue.dispatchEventImpl(Ljava/awt/AWTEvent;Ljava/lang/Object;)V+21
j  java.awt.EventQueue.access$200(Ljava/awt/EventQueue;Ljava/awt/AWTEvent;Ljava/lang/Object;)V+3
j  java.awt.EventQueue$3.run()Ljava/lang/Void;+12
j  java.awt.EventQueue$3.run()Ljava/lang/Object;+1
v  ~StubRoutines::call_stub
j  java.security.AccessController.doPrivileged(Ljava/security/PrivilegedAction;Ljava/security/AccessControlContext;)Ljava/lang/Object;+0
j  java.security.ProtectionDomain$1.doIntersectionPrivilege(Ljava/security/PrivilegedAction;Ljava/security/AccessControlContext;Ljava/security/AccessControlContext;)Ljava/lang/Object;+28
j  java.awt.EventQueue.dispatchEvent(Ljava/awt/AWTEvent;)V+46
j  java.awt.EventDispatchThread.pumpOneEventForFilters(I)V+245
j  java.awt.EventDispatchThread.pumpEventsForFilter(ILjava/awt/Conditional;Ljava/awt/EventFilter;)V+35
j  java.awt.EventDispatchThread.pumpEventsForHierarchy(ILjava/awt/Conditional;Ljava/awt/Component;)V+11
j  java.awt.EventDispatchThread.pumpEvents(ILjava/awt/Conditional;)V+4
j  java.awt.EventDispatchThread.pumpEvents(Ljava/awt/Conditional;)V+3
j  java.awt.EventDispatchThread.run()V+9
v  ~StubRoutines::call_stub

---------------  P R O C E S S  ---------------

Java Threads: ( => current thread )
  0x00000000108c9000 JavaThread "Image Loader-5" daemon [_thread_blocked, id=1332, stack(0x0000000011b40000,0x0000000011c40000)]
  0x00000000108c7800 JavaThread "Image Loader-4" daemon [_thread_blocked, id=7320, stack(0x0000000011a40000,0x0000000011b40000)]
  0x000000000f9f1000 JavaThread "Image Loader-3" daemon [_thread_blocked, id=5732, stack(0x0000000011940000,0x0000000011a40000)]
  0x000000000f9f8000 JavaThread "Image Loader-2" daemon [_thread_blocked, id=6716, stack(0x0000000011840000,0x0000000011940000)]
  0x000000000f544800 JavaThread "Image Loader-1" daemon [_thread_blocked, id=5936, stack(0x0000000011730000,0x0000000011830000)]
  0x000000000fa1c000 JavaThread "TimerQueue" daemon [_thread_blocked, id=1564, stack(0x0000000011520000,0x0000000011620000)]
  0x000000000f3e0000 JavaThread "Thread-3" [_thread_blocked, id=1352, stack(0x000000000fee0000,0x000000000ffe0000)]
  0x000000000ccb3800 JavaThread "org.netbeans.modules.debugger.jpda.visual AWT Access Loop" daemon [_thread_blocked, id=5680, stack(0x000000000ea10000,0x000000000eb10000)]
  0x0000000002152800 JavaThread "DestroyJavaVM" [_thread_blocked, id=4204, stack(0x0000000002040000,0x0000000002140000)]
=>0x000000000cc95000 JavaThread "AWT-EventQueue-0" [_thread_in_native, id=6676, stack(0x000000000dea0000,0x000000000dfa0000)]
  0x000000000cc91800 JavaThread "AWT-Windows" daemon [_thread_in_native, id=6392, stack(0x000000000dd40000,0x000000000de40000)]
  0x000000000cc91000 JavaThread "AWT-Shutdown" [_thread_blocked, id=6332, stack(0x000000000dc40000,0x000000000dd40000)]
  0x000000000cc7c000 JavaThread "Java2D Disposer" daemon [_thread_blocked, id=5692, stack(0x000000000db40000,0x000000000dc40000)]
  0x000000000ca8c000 JavaThread "Service Thread" daemon [_thread_blocked, id=5492, stack(0x000000000d550000,0x000000000d650000)]
  0x000000000ca8a000 JavaThread "C2 CompilerThread1" daemon [_thread_blocked, id=6924, stack(0x000000000d450000,0x000000000d550000)]
  0x000000000ca88800 JavaThread "C2 CompilerThread0" daemon [_thread_blocked, id=7684, stack(0x000000000d350000,0x000000000d450000)]
  0x000000000ca76000 JavaThread "JDWP Command Reader" daemon [_thread_in_native, id=7636, stack(0x000000000d250000,0x000000000d350000)]
  0x000000000ca75000 JavaThread "JDWP Event Helper Thread" daemon [_thread_blocked, id=5860, stack(0x000000000d150000,0x000000000d250000)]
  0x0000000002245800 JavaThread "JDWP Transport Listener: dt_socket" daemon [_thread_blocked, id=7460, stack(0x000000000d050000,0x000000000d150000)]
  0x000000000223f000 JavaThread "Attach Listener" daemon [_thread_blocked, id=5908, stack(0x000000000cf50000,0x000000000d050000)]
  0x000000000ca71800 JavaThread "Signal Dispatcher" daemon [_thread_blocked, id=5444, stack(0x000000000ce50000,0x000000000cf50000)]
  0x000000000aa4e000 JavaThread "Finalizer" daemon [_thread_blocked, id=5844, stack(0x000000000c950000,0x000000000ca50000)]
  0x000000000aa45800 JavaThread "Reference Handler" daemon [_thread_blocked, id=6132, stack(0x000000000c850000,0x000000000c950000)]

Other Threads:
  0x000000000aa44800 VMThread [stack: 0x000000000c750000,0x000000000c850000] [id=6228]
  0x000000000caac800 WatcherThread [stack: 0x000000000d650000,0x000000000d750000] [id=8124]

VM state:not at safepoint (normal execution)

VM Mutex/Monitor currently owned by a thread: None

Heap
 PSYoungGen      total 129024K, used 75368K [0x00000007d5c00000, 0x00000007de800000, 0x0000000800000000)
  eden space 123904K, 56% used [0x00000007d5c00000,0x00000007da0bcb70,0x00000007dd500000)
  from space 5120K, 97% used [0x00000007de300000,0x00000007de7dd790,0x00000007de800000)
  to   space 5120K, 0% used [0x00000007dde00000,0x00000007dde00000,0x00000007de300000)
 ParOldGen       total 124928K, used 23337K [0x0000000781400000, 0x0000000788e00000, 0x00000007d5c00000)
  object space 124928K, 18% used [0x0000000781400000,0x0000000782aca5a0,0x0000000788e00000)
 PSPermGen       total 36352K, used 18323K [0x000000077c200000, 0x000000077e580000, 0x0000000781400000)
  object space 36352K, 50% used [0x000000077c200000,0x000000077d3e4f50,0x000000077e580000)

Card table byte_map: [0x0000000005320000,0x0000000005740000] byte_map_base: 0x000000000173f000

Polling page: 0x0000000002010000

Code Cache  [0x0000000002260000, 0x00000000024f0000, 0x0000000005260000)
 total_blobs=1305 nmethods=799 adapters=465 free_code_cache=46609Kb largest_free_block=47684608

Compilation events (10 events):
Event: 19.949 Thread 0x000000000ca88800  802             org.xhtmlrenderer.css.style.CalculatedStyle::getFSFont (27 bytes)
Event: 19.949 Thread 0x000000000ca88800 nmethod 802 0x00000000024b6950 code [0x00000000024b6a80, 0x00000000024b6b18]
Event: 20.129 Thread 0x000000000ca8a000  803             javax.swing.AbstractButton::getText (5 bytes)
Event: 20.130 Thread 0x000000000ca8a000 nmethod 803 0x00000000024b6750 code [0x00000000024b6880, 0x00000000024b68f8]
Event: 20.145 Thread 0x000000000ca88800  804             org.xhtmlrenderer.render.AbstractOutputDevice::paintBackground (12 bytes)
Event: 20.145 Thread 0x000000000ca88800 nmethod 804 0x00000000024b6490 code [0x00000000024b65e0, 0x00000000024b6688]
Event: 20.146 Thread 0x000000000ca8a000  805             org.xhtmlrenderer.newtable.TableCellBox::hasCollapsedPaintingBorder (13 bytes)
Event: 20.146 Thread 0x000000000ca8a000 nmethod 805 0x00000000024b6250 code [0x00000000024b6380, 0x00000000024b63f8]
Event: 20.179 Thread 0x000000000ca88800  806             javax.swing.SwingUtilities::getRootPane (43 bytes)
Event: 20.180 Thread 0x000000000ca88800 nmethod 806 0x00000000024b5e50 code [0x00000000024b5fa0, 0x00000000024b60f8]

GC Heap History (10 events):
Event: 1.085 GC heap before
{Heap before GC invocations=1 (full 0):
 PSYoungGen      total 38400K, used 33280K [0x00000007d5c00000, 0x00000007d8680000, 0x0000000800000000)
  eden space 33280K, 100% used [0x00000007d5c00000,0x00000007d7c80000,0x00000007d7c80000)
  from space 5120K, 0% used [0x00000007d8180000,0x00000007d8180000,0x00000007d8680000)
  to   space 5120K, 0% used [0x00000007d7c80000,0x00000007d7c80000,0x00000007d8180000)
 ParOldGen       total 86528K, used 0K [0x0000000781400000, 0x0000000786880000, 0x00000007d5c00000)
  object space 86528K, 0% used [0x0000000781400000,0x0000000781400000,0x0000000786880000)
 PSPermGen       total 21504K, used 15612K [0x000000077c200000, 0x000000077d700000, 0x0000000781400000)
  object space 21504K, 72% used [0x000000077c200000,0x000000077d13f070,0x000000077d700000)
Event: 1.148 GC heap after
Heap after GC invocations=1 (full 0):
 PSYoungGen      total 38400K, used 5113K [0x00000007d5c00000, 0x00000007da700000, 0x0000000800000000)
  eden space 33280K, 0% used [0x00000007d5c00000,0x00000007d5c00000,0x00000007d7c80000)
  from space 5120K, 99% used [0x00000007d7c80000,0x00000007d817e778,0x00000007d8180000)
  to   space 5120K, 0% used [0x00000007da200000,0x00000007da200000,0x00000007da700000)
 ParOldGen       total 86528K, used 1293K [0x0000000781400000, 0x0000000786880000, 0x00000007d5c00000)
  object space 86528K, 1% used [0x0000000781400000,0x0000000781543630,0x0000000786880000)
 PSPermGen       total 21504K, used 15612K [0x000000077c200000, 0x000000077d700000, 0x0000000781400000)
  object space 21504K, 72% used [0x000000077c200000,0x000000077d13f070,0x000000077d700000)
}
Event: 10.543 GC heap before
{Heap before GC invocations=2 (full 0):
 PSYoungGen      total 38400K, used 38393K [0x00000007d5c00000, 0x00000007da700000, 0x0000000800000000)
  eden space 33280K, 100% used [0x00000007d5c00000,0x00000007d7c80000,0x00000007d7c80000)
  from space 5120K, 99% used [0x00000007d7c80000,0x00000007d817e778,0x00000007d8180000)
  to   space 5120K, 0% used [0x00000007da200000,0x00000007da200000,0x00000007da700000)
 ParOldGen       total 86528K, used 1293K [0x0000000781400000, 0x0000000786880000, 0x00000007d5c00000)
  object space 86528K, 1% used [0x0000000781400000,0x0000000781543630,0x0000000786880000)
 PSPermGen       total 21504K, used 17749K [0x000000077c200000, 0x000000077d700000, 0x0000000781400000)
  object space 21504K, 82% used [0x000000077c200000,0x000000077d355708,0x000000077d700000)
Event: 10.553 GC heap after
Heap after GC invocations=2 (full 0):
 PSYoungGen      total 71680K, used 5109K [0x00000007d5c00000, 0x00000007da700000, 0x0000000800000000)
  eden space 66560K, 0% used [0x00000007d5c00000,0x00000007d5c00000,0x00000007d9d00000)
  from space 5120K, 99% used [0x00000007da200000,0x00000007da6fd7c0,0x00000007da700000)
  to   space 5120K, 0% used [0x00000007d9d00000,0x00000007d9d00000,0x00000007da200000)
 ParOldGen       total 86528K, used 26228K [0x0000000781400000, 0x0000000786880000, 0x00000007d5c00000)
  object space 86528K, 30% used [0x0000000781400000,0x0000000782d9d110,0x0000000786880000)
 PSPermGen       total 21504K, used 17749K [0x000000077c200000, 0x000000077d700000, 0x0000000781400000)
  object space 21504K, 82% used [0x000000077c200000,0x000000077d355708,0x000000077d700000)
}
Event: 16.931 GC heap before
{Heap before GC invocations=3 (full 0):
 PSYoungGen      total 71680K, used 71669K [0x00000007d5c00000, 0x00000007da700000, 0x0000000800000000)
  eden space 66560K, 100% used [0x00000007d5c00000,0x00000007d9d00000,0x00000007d9d00000)
  from space 5120K, 99% used [0x00000007da200000,0x00000007da6fd7c0,0x00000007da700000)
  to   space 5120K, 0% used [0x00000007d9d00000,0x00000007d9d00000,0x00000007da200000)
 ParOldGen       total 86528K, used 26228K [0x0000000781400000, 0x0000000786880000, 0x00000007d5c00000)
  object space 86528K, 30% used [0x0000000781400000,0x0000000782d9d110,0x0000000786880000)
 PSPermGen       total 21504K, used 18013K [0x000000077c200000, 0x000000077d700000, 0x0000000781400000)
  object space 21504K, 83% used [0x000000077c200000,0x000000077d3976a0,0x000000077d700000)
Event: 17.001 GC heap after
Heap after GC invocations=3 (full 0):
 PSYoungGen      total 71680K, used 5109K [0x00000007d5c00000, 0x00000007de800000, 0x0000000800000000)
  eden space 66560K, 0% used [0x00000007d5c00000,0x00000007d5c00000,0x00000007d9d00000)
  from space 5120K, 99% used [0x00000007d9d00000,0x00000007da1fd6e0,0x00000007da200000)
  to   space 5120K, 0% used [0x00000007de300000,0x00000007de300000,0x00000007de800000)
 ParOldGen       total 86528K, used 85436K [0x0000000781400000, 0x0000000786880000, 0x00000007d5c00000)
  object space 86528K, 98% used [0x0000000781400000,0x000000078676f388,0x0000000786880000)
 PSPermGen       total 21504K, used 18013K [0x000000077c200000, 0x000000077d700000, 0x0000000781400000)
  object space 21504K, 83% used [0x000000077c200000,0x000000077d3976a0,0x000000077d700000)
}
Event: 17.001 GC heap before
{Heap before GC invocations=4 (full 1):
 PSYoungGen      total 71680K, used 5109K [0x00000007d5c00000, 0x00000007de800000, 0x0000000800000000)
  eden space 66560K, 0% used [0x00000007d5c00000,0x00000007d5c00000,0x00000007d9d00000)
  from space 5120K, 99% used [0x00000007d9d00000,0x00000007da1fd6e0,0x00000007da200000)
  to   space 5120K, 0% used [0x00000007de300000,0x00000007de300000,0x00000007de800000)
 ParOldGen       total 86528K, used 85436K [0x0000000781400000, 0x0000000786880000, 0x00000007d5c00000)
  object space 86528K, 98% used [0x0000000781400000,0x000000078676f388,0x0000000786880000)
 PSPermGen       total 21504K, used 18013K [0x000000077c200000, 0x000000077d700000, 0x0000000781400000)
  object space 21504K, 83% used [0x000000077c200000,0x000000077d3976a0,0x000000077d700000)
Event: 17.051 GC heap after
Heap after GC invocations=4 (full 1):
 PSYoungGen      total 71680K, used 0K [0x00000007d5c00000, 0x00000007de800000, 0x0000000800000000)
  eden space 66560K, 0% used [0x00000007d5c00000,0x00000007d5c00000,0x00000007d9d00000)
  from space 5120K, 0% used [0x00000007d9d00000,0x00000007d9d00000,0x00000007da200000)
  to   space 5120K, 0% used [0x00000007de300000,0x00000007de300000,0x00000007de800000)
 ParOldGen       total 124928K, used 16398K [0x0000000781400000, 0x0000000788e00000, 0x00000007d5c00000)
  object space 124928K, 13% used [0x0000000781400000,0x0000000782403960,0x0000000788e00000)
 PSPermGen       total 36352K, used 18008K [0x000000077c200000, 0x000000077e580000, 0x0000000781400000)
  object space 36352K, 49% used [0x000000077c200000,0x000000077d396170,0x000000077e580000)
}
Event: 18.659 GC heap before
{Heap before GC invocations=5 (full 1):
 PSYoungGen      total 71680K, used 66560K [0x00000007d5c00000, 0x00000007de800000, 0x0000000800000000)
  eden space 66560K, 100% used [0x00000007d5c00000,0x00000007d9d00000,0x00000007d9d00000)
  from space 5120K, 0% used [0x00000007d9d00000,0x00000007d9d00000,0x00000007da200000)
  to   space 5120K, 0% used [0x00000007de300000,0x00000007de300000,0x00000007de800000)
 ParOldGen       total 124928K, used 16398K [0x0000000781400000, 0x0000000788e00000, 0x00000007d5c00000)
  object space 124928K, 13% used [0x0000000781400000,0x0000000782403960,0x0000000788e00000)
 PSPermGen       total 36352K, used 18278K [0x000000077c200000, 0x000000077e580000, 0x0000000781400000)
  object space 36352K, 50% used [0x000000077c200000,0x000000077d3d9890,0x000000077e580000)
Event: 18.664 GC heap after
Heap after GC invocations=5 (full 1):
 PSYoungGen      total 129024K, used 4981K [0x00000007d5c00000, 0x00000007de800000, 0x0000000800000000)
  eden space 123904K, 0% used [0x00000007d5c00000,0x00000007d5c00000,0x00000007dd500000)
  from space 5120K, 97% used [0x00000007de300000,0x00000007de7dd790,0x00000007de800000)
  to   space 5120K, 0% used [0x00000007dde00000,0x00000007dde00000,0x00000007de300000)
 ParOldGen       total 124928K, used 23337K [0x0000000781400000, 0x0000000788e00000, 0x00000007d5c00000)
  object space 124928K, 18% used [0x0000000781400000,0x0000000782aca5a0,0x0000000788e00000)
 PSPermGen       total 36352K, used 18278K [0x000000077c200000, 0x000000077e580000, 0x0000000781400000)
  object space 36352K, 50% used [0x000000077c200000,0x000000077d3d9890,0x000000077e580000)
}

Deoptimization events (10 events):
Event: 10.454 Thread 0x000000000cc95000 Uncommon trap: reason=class_check action=maybe_recompile pc=0x000000000233c618 method=java.util.regex.Pattern$Curly.match0(Ljava/util/regex/Matcher;IILjava/lang/CharSequence;)Z @ 31
Event: 10.454 Thread 0x000000000cc95000 Uncommon trap: reason=bimorphic action=maybe_recompile pc=0x0000000002329df8 method=java.util.regex.Pattern$BmpCharProperty.match(Ljava/util/regex/Matcher;ILjava/lang/CharSequence;)Z @ 16
Event: 10.454 Thread 0x000000000cc95000 Uncommon trap: reason=bimorphic action=maybe_recompile pc=0x0000000002329df8 method=java.util.regex.Pattern$BmpCharProperty.match(Ljava/util/regex/Matcher;ILjava/lang/CharSequence;)Z @ 16
Event: 10.454 Thread 0x000000000cc95000 Uncommon trap: reason=class_check action=maybe_recompile pc=0x000000000233c618 method=java.util.regex.Pattern$Curly.match0(Ljava/util/regex/Matcher;IILjava/lang/CharSequence;)Z @ 31
Event: 10.454 Thread 0x000000000cc95000 Uncommon trap: reason=bimorphic action=maybe_recompile pc=0x0000000002329df8 method=java.util.regex.Pattern$BmpCharProperty.match(Ljava/util/regex/Matcher;ILjava/lang/CharSequence;)Z @ 16
Event: 10.454 Thread 0x000000000cc95000 Uncommon trap: reason=bimorphic action=maybe_recompile pc=0x0000000002329df8 method=java.util.regex.Pattern$BmpCharProperty.match(Ljava/util/regex/Matcher;ILjava/lang/CharSequence;)Z @ 16
Event: 10.454 Thread 0x000000000cc95000 Uncommon trap: reason=class_check action=maybe_recompile pc=0x000000000233c618 method=java.util.regex.Pattern$Curly.match0(Ljava/util/regex/Matcher;IILjava/lang/CharSequence;)Z @ 31
Event: 10.454 Thread 0x000000000cc95000 Uncommon trap: reason=class_check action=maybe_recompile pc=0x000000000233c618 method=java.util.regex.Pattern$Curly.match0(Ljava/util/regex/Matcher;IILjava/lang/CharSequence;)Z @ 31
Event: 17.052 Thread 0x000000000cc95000 Uncommon trap: reason=null_check action=make_not_entrant pc=0x00000000023c0a9c method=org.xhtmlrenderer.swing.Java2DTextRenderer.getLogicalGlyphsWidth(Lorg/xhtmlrenderer/extend/FontContext;Lorg/xhtmlrenderer/render/FSFont;Ljava/lang/String;)F @ 35
Event: 17.052 Thread 0x000000000cc95000 Uncommon trap: reason=unreached action=reinterpret pc=0x00000000023b4b94 method=java.awt.font.FontRenderContext.equals(Ljava/awt/font/FontRenderContext;)Z @ 35

Internal exceptions (10 events):
Event: 10.478 Thread 0x000000000cc95000 Threw 0x00000007d73ac170 at C:\re\jdk7u55\869\hotspot\src\share\vm\prims\jvm.cpp:1244
Event: 10.478 Thread 0x000000000cc95000 Threw 0x00000007d73b0088 at C:\re\jdk7u55\869\hotspot\src\share\vm\prims\jvm.cpp:1244
Event: 10.483 Thread 0x000000000cc95000 Threw 0x00000007d73bde30 at C:\re\jdk7u55\869\hotspot\src\share\vm\prims\jvm.cpp:1244
Event: 10.490 Thread 0x000000000cc95000 Threw 0x00000007d73e6d28 at C:\re\jdk7u55\869\hotspot\src\share\vm\prims\jvm.cpp:1244
Event: 10.490 Thread 0x000000000cc95000 Threw 0x00000007d73eaed8 at C:\re\jdk7u55\869\hotspot\src\share\vm\prims\jvm.cpp:1244
Event: 10.496 Thread 0x000000000cc95000 Threw 0x00000007d740fe78 at C:\re\jdk7u55\869\hotspot\src\share\vm\prims\jvm.cpp:1244
Event: 17.841 Thread 0x000000000cc95000 Threw 0x00000007d80efc48 at C:\re\jdk7u55\869\hotspot\src\share\vm\prims\jvm.cpp:1244
Event: 18.292 Thread 0x000000000cc95000 Threw 0x00000007d969fb58 at C:\re\jdk7u55\869\hotspot\src\share\vm\prims\jvm.cpp:1244
Event: 18.800 Thread 0x000000000cc95000 Threw 0x00000007d6393180 at C:\re\jdk7u55\869\hotspot\src\share\vm\prims\jvm.cpp:1244
Event: 18.831 Thread 0x000000000cc95000 Threw 0x00000007d6514310 at C:\re\jdk7u55\869\hotspot\src\share\vm\prims\jvm.cpp:1244

Events (10 events):
Event: 18.666 Executing VM operation: RevokeBias
Event: 18.666 Executing VM operation: RevokeBias done
Event: 18.666 Executing VM operation: RevokeBias
Event: 18.666 Executing VM operation: RevokeBias done
Event: 18.666 Executing VM operation: RevokeBias
Event: 18.666 Executing VM operation: RevokeBias done
Event: 18.800 loading class 0x000000000ce35c90
Event: 18.800 loading class 0x000000000ce35c90 done
Event: 18.830 loading class 0x000000000f40fe70
Event: 18.830 loading class 0x000000000f40fe70 done


Dynamic libraries:
0x00007ff64cee0000 - 0x00007ff64cf13000 	C:\Program Files\Java\jdk1.7.0_55\bin\java.exe
0x00007ffa22270000 - 0x00007ffa22416000 	C:\windows\SYSTEM32\ntdll.dll
0x00007ffa20850000 - 0x00007ffa2098a000 	C:\windows\system32\KERNEL32.DLL
0x00007ffa1f9a0000 - 0x00007ffa1faaf000 	C:\windows\system32\KERNELBASE.dll
0x00007ffa1e220000 - 0x00007ffa1e2a8000 	C:\windows\system32\apphelp.dll
0x00007ffa0e010000 - 0x00007ffa0e05f000 	C:\windows\AppPatch\AppPatch64\AcGenral.DLL
0x00007ffa1fe40000 - 0x00007ffa1fee7000 	C:\windows\system32\msvcrt.dll
0x00007ffa1f3d0000 - 0x00007ffa1f3fb000 	C:\windows\SYSTEM32\SspiCli.dll
0x00007ffa22090000 - 0x00007ffa220e1000 	C:\windows\system32\SHLWAPI.dll
0x00007ffa1fc50000 - 0x00007ffa1fdc1000 	C:\windows\system32\USER32.dll
0x00007ffa220f0000 - 0x00007ffa22268000 	C:\windows\system32\ole32.dll
0x00007ffa20c80000 - 0x00007ffa2208f000 	C:\windows\system32\SHELL32.dll
0x00007ffa1eb90000 - 0x00007ffa1ebae000 	C:\windows\SYSTEM32\USERENV.dll
0x00007ffa1fef0000 - 0x00007ffa1ff95000 	C:\windows\system32\ADVAPI32.dll
0x00007ffa1a420000 - 0x00007ffa1a43b000 	C:\windows\SYSTEM32\MPR.dll
0x00007ffa1fb00000 - 0x00007ffa1fc37000 	C:\windows\system32\RPCRT4.dll
0x00007ffa20b80000 - 0x00007ffa20bd7000 	C:\windows\SYSTEM32\sechost.dll
0x00007ffa20450000 - 0x00007ffa20626000 	C:\windows\SYSTEM32\combase.dll
0x00007ffa20a30000 - 0x00007ffa20b74000 	C:\windows\system32\GDI32.dll
0x00007ffa1f5f0000 - 0x00007ffa1f604000 	C:\windows\SYSTEM32\profapi.dll
0x00007ffa1def0000 - 0x00007ffa1df8f000 	C:\windows\SYSTEM32\SHCORE.dll
0x00007ffa209f0000 - 0x00007ffa20a24000 	C:\windows\system32\IMM32.DLL
0x00007ffa20640000 - 0x00007ffa20779000 	C:\windows\system32\MSCTF.dll
0x00007ffa1d800000 - 0x00007ffa1da5a000 	C:\windows\WinSxS\amd64_microsoft.windows.common-controls_6595b64144ccf1df_6.0.9600.17031_none_6242a4b3ecbb55a1\COMCTL32.dll
0x0000000064490000 - 0x0000000064562000 	C:\Program Files\Java\jdk1.7.0_55\jre\bin\msvcr100.dll
0x00000000634d0000 - 0x0000000063c99000 	C:\Program Files\Java\jdk1.7.0_55\jre\bin\server\jvm.dll
0x00007ffa15ce0000 - 0x00007ffa15ce9000 	C:\windows\SYSTEM32\WSOCK32.dll
0x00007ffa1c890000 - 0x00007ffa1c8af000 	C:\windows\SYSTEM32\WINMM.dll
0x00007ffa20630000 - 0x00007ffa20637000 	C:\windows\system32\PSAPI.DLL
0x00007ffa20180000 - 0x00007ffa201d8000 	C:\windows\system32\WS2_32.dll
0x00007ffa1c310000 - 0x00007ffa1c33a000 	C:\windows\SYSTEM32\WINMMBASE.dll
0x00007ffa1fdd0000 - 0x00007ffa1fdd9000 	C:\windows\system32\NSI.dll
0x00007ffa1f950000 - 0x00007ffa1f99a000 	C:\windows\SYSTEM32\cfgmgr32.dll
0x00007ffa1e4a0000 - 0x00007ffa1e4c6000 	C:\windows\SYSTEM32\DEVOBJ.dll
0x00000000645a0000 - 0x00000000645af000 	C:\Program Files\Java\jdk1.7.0_55\jre\bin\verify.dll
0x0000000064420000 - 0x0000000064448000 	C:\Program Files\Java\jdk1.7.0_55\jre\bin\java.dll
0x0000000063200000 - 0x0000000063235000 	C:\Program Files\Java\jdk1.7.0_55\jre\bin\jdwp.dll
0x00000000631f0000 - 0x00000000631f8000 	C:\Program Files\Java\jdk1.7.0_55\jre\bin\npt.dll
0x0000000064580000 - 0x0000000064595000 	C:\Program Files\Java\jdk1.7.0_55\jre\bin\zip.dll
0x00000000631e0000 - 0x00000000631e9000 	C:\Program Files\Java\jdk1.7.0_55\jre\bin\dt_socket.dll
0x00007ffa1ee50000 - 0x00007ffa1eea8000 	C:\windows\system32\mswsock.dll
0x0000000063330000 - 0x00000000634c5000 	C:\Program Files\Java\jdk1.7.0_55\jre\bin\awt.dll
0x00007ffa20790000 - 0x00007ffa20847000 	C:\windows\system32\OLEAUT32.dll
0x00007ffa1e2f0000 - 0x00007ffa1e411000 	C:\windows\system32\uxtheme.dll
0x00007ffa188d0000 - 0x00007ffa18968000 	C:\Program Files\Common Files\microsoft shared\ink\tiptsf.dll
0x00007ffa1dd20000 - 0x00007ffa1dd40000 	C:\windows\system32\dwmapi.dll
0x00007ffa1e470000 - 0x00007ffa1e47a000 	C:\windows\SYSTEM32\kernel.appcore.dll
0x00007ffa1f460000 - 0x00007ffa1f46a000 	C:\windows\SYSTEM32\CRYPTBASE.dll
0x00007ffa1f400000 - 0x00007ffa1f460000 	C:\windows\SYSTEM32\bcryptPrimitives.dll
0x0000000064400000 - 0x0000000064419000 	C:\Program Files\Java\jdk1.7.0_55\jre\bin\net.dll
0x00000000643e0000 - 0x00000000643f1000 	C:\Program Files\Java\jdk1.7.0_55\jre\bin\nio.dll
0x0000000064390000 - 0x00000000643d7000 	C:\Program Files\Java\jdk1.7.0_55\jre\bin\fontmanager.dll
0x00007ffa1eeb0000 - 0x00007ffa1eece000 	C:\windows\SYSTEM32\CRYPTSP.dll
0x00007ffa1eaa0000 - 0x00007ffa1ead5000 	C:\windows\system32\rsaenh.dll
0x00007ffa1f0a0000 - 0x00007ffa1f0c6000 	C:\windows\SYSTEM32\bcrypt.dll
0x00007ffa19a00000 - 0x00007ffa19a29000 	C:\windows\SYSTEM32\IPHLPAPI.DLL
0x00007ffa1a3f0000 - 0x00007ffa1a3fa000 	C:\windows\SYSTEM32\WINNSI.DLL
0x00007ffa19590000 - 0x00007ffa195a4000 	C:\windows\SYSTEM32\dhcpcsvc6.DLL
0x00007ffa19660000 - 0x00007ffa19679000 	C:\windows\SYSTEM32\dhcpcsvc.DLL
0x00007ffa20200000 - 0x00007ffa202a4000 	C:\windows\SYSTEM32\clbcatq.dll
0x00007ffa1d660000 - 0x00007ffa1d7f3000 	C:\windows\SYSTEM32\WindowsCodecs.dll
0x0000000064340000 - 0x0000000064381000 	C:\Program Files\Java\jdk1.7.0_55\jre\bin\t2k.dll
0x00007ffa1c560000 - 0x00007ffa1c5c3000 	C:\windows\SYSTEM32\oleacc.dll
0x0000000064300000 - 0x000000006432a000 	C:\Program Files\Java\jdk1.7.0_55\jre\bin\dcpr.dll
0x00000000631b0000 - 0x00000000631e0000 	C:\Program Files\Java\jdk1.7.0_55\jre\bin\jpeg.dll
0x00007ffa114e0000 - 0x00007ffa11668000 	C:\windows\SYSTEM32\dbghelp.dll

VM Arguments:
jvm_args: -Xdebug -Xrunjdwp:transport=dt_socket,server=n,address=53183 
java_command: org.xhtmlrenderer.demo.browser.BrowserStartup
Launcher Type: SUN_STANDARD

Environment Variables:
JAVA_HOME=C:\Program Files\Java\jdk1.7.0_55
PATH=C:\cmds\;C:\Program Files (x86)\Intel\iCLS Client\;C:\Program Files\Intel\iCLS Client\;C:\Program Files (x86)\NVIDIA Corporation\PhysX\Common;C:\windows\system32;C:\windows;C:\windows\System32\Wbem;C:\windows\System32\WindowsPowerShell\v1.0\;C:\Program Files\Intel\Intel(R) Management Engine Components\DAL;C:\Program Files\Intel\Intel(R) Management Engine Components\IPT;C:\Program Files (x86)\Intel\Intel(R) Management Engine Components\DAL;C:\Program Files (x86)\Intel\Intel(R) Management Engine Components\IPT;C:\Program Files\Intel\WiFi\bin\;C:\Program Files\Common Files\Intel\WirelessCommon\;C:\Program Files\Condusiv Technologies\ExpressCache\
USERNAME=toby_000
OS=Windows_NT
PROCESSOR_IDENTIFIER=Intel64 Family 6 Model 60 Stepping 3, GenuineIntel



---------------  S Y S T E M  ---------------

OS: Windows 8.1 , 64 bit Build 9600 

CPU:total 8 (4 cores per cpu, 2 threads per core) family 6 model 60 stepping 3, cmov, cx8, fxsr, mmx, sse, sse2, sse3, ssse3, sse4.1, sse4.2, popcnt, avx, avx2, aes, erms, ht, tsc, tscinvbit

Memory: 4k page, physical 8298776k(1888500k free), swap 25684852k(11350432k free)

vm_info: Java HotSpot(TM) 64-Bit Server VM (24.55-b03) for windows-amd64 JRE (1.7.0_55-b13), built on Mar 17 2014 19:45:30 by "java_re" with unknown MS VC++:1600

time: Mon Nov 10 15:40:57 2014
elapsed time: 20 seconds

