#
# A fatal error has been detected by the Java Runtime Environment:
#
#  EXCEPTION_ACCESS_VIOLATION (0xc0000005) at pc=0x000000006430e4ce, pid=2972, tid=8068
#
# JRE version: Java(TM) SE Runtime Environment (7.0_55-b13) (build 1.7.0_55-b13)
# Java VM: Java HotSpot(TM) 64-Bit Server VM (24.55-b03 mixed mode windows-amd64 compressed oops)
# Problematic frame:
# C  [dcpr.dll+0xe4ce]
#
# Failed to write core dump. Minidumps are not enabled by default on client versions of Windows
#
# If you would like to submit a bug report, please visit:
#   http://bugreport.sun.com/bugreport/crash.jsp
# The crash happened outside the Java Virtual Machine in native code.
# See problematic frame for where to report the bug.
#

---------------  T H R E A D  ---------------

Current thread (0x000000000d30a800):  JavaThread "AWT-EventQueue-0" [_thread_in_native, id=8068, stack(0x000000000e4e0000,0x000000000e5e0000)]

siginfo: ExceptionCode=0xc0000005, reading address 0xffffffff64325500

Registers:
RAX=0x0000000080000000, RBX=0x000000000e5dbf78, RCX=0xffffffff80000000, RDX=0x0000000064300000
RSP=0x000000000e5dbf08, RBP=0x000000000e5dbf90, RSI=0x00000000116bd330, RDI=0x00000000119e8b08
R8 =0x000000000e5dbf78, R9 =0x000000077d270990, R10=0x0000000002b42a23, R11=0x0000000000000002
R12=0x0000000000000000, R13=0x00000007d7bb7208, R14=0x0000000000000028, R15=0x000000000d30a800
RIP=0x000000006430e4ce, EFLAGS=0x0000000000010247

Top of Stack: (sp=0x000000000e5dbf08)
0x000000000e5dbf08:   000000006430a2d4 0000000002964000
0x000000000e5dbf18:   0000000000000001 000000000000000e
0x000000000e5dbf28:   000000000e5dbdc0 0000000000000000
0x000000000e5dbf38:   000000006430b508 00000000116bd330
0x000000000e5dbf48:   000000006430a979 00000000119e8b08
0x000000000e5dbf58:   0000000000000000 0000000000000000
0x000000000e5dbf68:   00000000635f1249 ffc00000434f8000
0x000000000e5dbf78:   434f800043cbc000 434f8000ffc00000
0x000000000e5dbf88:   0000ff1c74762704 00000000116bd330
0x000000000e5dbf98:   000000000d30a9e8 000000000e5dc060
0x000000000e5dbfa8:   0000000064303b13 000000000d30a9e8
0x000000000e5dbfb8:   000000000e5dc060 0000000000000000
0x000000000e5dbfc8:   00000000434f8000 0000000000000000
0x000000000e5dbfd8:   0000000000000000 0000000000000000
0x000000000e5dbfe8:   0000000000000000 0000000000000002
0x000000000e5dbff8:   0000000002b42abd 0000000000000004 

Instructions: (pc=0x000000006430e4ce)
0x000000006430e4ae:   5e c1 48 8d 15 49 1b ff ff f3 0f 59 05 31 29 00
0x000000006430e4be:   00 f3 0f 58 05 39 28 00 00 f3 0f 2c c0 48 63 c8
0x000000006430e4ce:   48 0f bf 84 4a 00 55 02 00 f3 0f 5e 8c 82 f0 4c
0x000000006430e4de:   02 00 0f 28 c1 c3 48 89 5c 24 08 57 48 83 ec 30 


Register to memory mapping:

RAX=0x0000000080000000 is an unknown value
RBX=0x000000000e5dbf78 is pointing into the stack for thread: 0x000000000d30a800
RCX=0xffffffff80000000 is an unknown value
RDX=0x0000000064300000 is an unknown value
RSP=0x000000000e5dbf08 is pointing into the stack for thread: 0x000000000d30a800
RBP=0x000000000e5dbf90 is pointing into the stack for thread: 0x000000000d30a800
RSI=0x00000000116bd330 is an unknown value
RDI=0x00000000119e8b08 is an unknown value
R8 =0x000000000e5dbf78 is pointing into the stack for thread: 0x000000000d30a800
R9 =0x000000077d270990 is an oop
{instance class} 
 - klass: {other class}
R10=0x0000000002b42a23 is at entry_point+67 in (nmethod*)0x0000000002b42850
R11=0x0000000000000002 is an unknown value
R12=0x0000000000000000 is an unknown value
R13=0x00000007d7bb7208 is an oop
[F 
 - klass: {type array float}
 - length: 6
R14=0x0000000000000028 is an unknown value
R15=0x000000000d30a800 is a thread


Stack: [0x000000000e4e0000,0x000000000e5e0000],  sp=0x000000000e5dbf08,  free space=1007k
Native frames: (J=compiled Java code, j=interpreted, Vv=VM code, C=native code)
C  [dcpr.dll+0xe4ce]

Java frames: (J=compiled Java code, j=interpreted, Vv=VM code)
J  sun.dc.pr.PathDasher.appendLine(FF)V
J  sun.dc.DuctusRenderingEngine.feedConsumer(Lsun/dc/path/PathConsumer;Ljava/awt/geom/PathIterator;)V
J  org.xhtmlrenderer.render.BorderPainter.paintBorderSide(Lorg/xhtmlrenderer/extend/OutputDevice;Lorg/xhtmlrenderer/css/style/derived/BorderPropertySet;Ljava/awt/Rectangle;IILorg/xhtmlrenderer/css/constants/IdentValue;IZ)V
J  org.xhtmlrenderer.render.AbstractOutputDevice.paintBorder(Lorg/xhtmlrenderer/render/RenderingContext;Lorg/xhtmlrenderer/render/Box;)V
J  org.xhtmlrenderer.render.Box.paintBorder(Lorg/xhtmlrenderer/render/RenderingContext;)V
j  org.xhtmlrenderer.newtable.TableBox.paintBorder(Lorg/xhtmlrenderer/render/RenderingContext;)V+9
J  org.xhtmlrenderer.layout.Layer.paintBackgroundsAndBorders(Lorg/xhtmlrenderer/render/RenderingContext;Ljava/util/List;Ljava/util/Map;Lorg/xhtmlrenderer/layout/BoxCollector;)V
J  org.xhtmlrenderer.layout.Layer.paintChildrenLayers(Lorg/xhtmlrenderer/render/RenderingContext;)V
j  org.xhtmlrenderer.layout.Layer.paint(Lorg/xhtmlrenderer/render/RenderingContext;)V+228
j  org.xhtmlrenderer.swing.BasicPanel.doRender(Lorg/xhtmlrenderer/render/RenderingContext;Lorg/xhtmlrenderer/layout/Layer;)V+57
j  org.xhtmlrenderer.swing.BasicPanel.paintComponent(Ljava/awt/Graphics;)V+82
J  javax.swing.JComponent.paint(Ljava/awt/Graphics;)V
J  javax.swing.JComponent.paintChildren(Ljava/awt/Graphics;)V
J  javax.swing.JComponent.paint(Ljava/awt/Graphics;)V
j  javax.swing.JViewport.paint(Ljava/awt/Graphics;)V+205
J  javax.swing.JComponent.paintChildren(Ljava/awt/Graphics;)V
J  javax.swing.JComponent.paint(Ljava/awt/Graphics;)V
J  javax.swing.JComponent.paintChildren(Ljava/awt/Graphics;)V
J  javax.swing.JComponent.paint(Ljava/awt/Graphics;)V
J  javax.swing.JComponent.paintChildren(Ljava/awt/Graphics;)V
J  javax.swing.JComponent.paint(Ljava/awt/Graphics;)V
J  javax.swing.JComponent.paintChildren(Ljava/awt/Graphics;)V
J  javax.swing.JComponent.paint(Ljava/awt/Graphics;)V
j  javax.swing.JLayeredPane.paint(Ljava/awt/Graphics;)V+73
J  javax.swing.JComponent.paintChildren(Ljava/awt/Graphics;)V
J  javax.swing.RepaintManager$PaintManager.paintDoubleBuffered(Ljavax/swing/JComponent;Ljava/awt/Image;Ljava/awt/Graphics;IIII)V
J  javax.swing.RepaintManager$PaintManager.paint(Ljavax/swing/JComponent;Ljavax/swing/JComponent;Ljava/awt/Graphics;IIII)Z
J  javax.swing.JComponent.paint(Ljava/awt/Graphics;)V
j  java.awt.GraphicsCallback$PaintCallback.run(Ljava/awt/Component;Ljava/awt/Graphics;)V+2
j  sun.awt.SunGraphicsCallback.runOneComponent(Ljava/awt/Component;Ljava/awt/Rectangle;Ljava/awt/Graphics;Ljava/awt/Shape;I)V+155
j  sun.awt.SunGraphicsCallback.runComponents([Ljava/awt/Component;Ljava/awt/Graphics;I)V+194
j  java.awt.Container.paint(Ljava/awt/Graphics;)V+58
j  java.awt.Window.paint(Ljava/awt/Graphics;)V+68
j  javax.swing.RepaintManager$3.run()Ljava/lang/Void;+136
j  javax.swing.RepaintManager$3.run()Ljava/lang/Object;+1
v  ~StubRoutines::call_stub
J  java.security.AccessController.doPrivileged(Ljava/security/PrivilegedAction;Ljava/security/AccessControlContext;)Ljava/lang/Object;
J  javax.swing.RepaintManager.paintDirtyRegions(Ljava/util/Map;)V
j  javax.swing.RepaintManager.paintDirtyRegions()V+46
j  javax.swing.RepaintManager.prePaintDirtyRegions()V+73
j  javax.swing.RepaintManager.access$1100(Ljavax/swing/RepaintManager;)V+1
j  javax.swing.RepaintManager$ProcessingRunnable.run()V+37
J  java.awt.event.InvocationEvent.dispatch()V
J  java.awt.EventQueue$3.run()Ljava/lang/Object;
v  ~StubRoutines::call_stub
J  java.security.AccessController.doPrivileged(Ljava/security/PrivilegedAction;Ljava/security/AccessControlContext;)Ljava/lang/Object;
J  java.awt.EventDispatchThread.pumpOneEventForFilters(I)V
J  java.awt.EventDispatchThread.pumpEventsForFilter(ILjava/awt/Conditional;Ljava/awt/EventFilter;)V
j  java.awt.EventDispatchThread.pumpEventsForHierarchy(ILjava/awt/Conditional;Ljava/awt/Component;)V+11
j  java.awt.EventDispatchThread.pumpEvents(ILjava/awt/Conditional;)V+4
j  java.awt.EventDispatchThread.pumpEvents(Ljava/awt/Conditional;)V+3
j  java.awt.EventDispatchThread.run()V+9
v  ~StubRoutines::call_stub

---------------  P R O C E S S  ---------------

Java Threads: ( => current thread )
  0x000000000f9be000 JavaThread "Image Loader-5" daemon [_thread_blocked, id=3832, stack(0x0000000012150000,0x0000000012250000)]
  0x0000000010bae800 JavaThread "Image Loader-4" daemon [_thread_blocked, id=4524, stack(0x0000000012050000,0x0000000012150000)]
  0x0000000010bae000 JavaThread "Image Loader-3" daemon [_thread_blocked, id=6128, stack(0x0000000011f50000,0x0000000012050000)]
  0x000000000ff49800 JavaThread "Image Loader-2" daemon [_thread_blocked, id=3740, stack(0x0000000011e50000,0x0000000011f50000)]
  0x000000000ffaa000 JavaThread "Image Loader-1" daemon [_thread_blocked, id=1172, stack(0x0000000011d50000,0x0000000011e50000)]
  0x000000000fadd800 JavaThread "TimerQueue" daemon [_thread_blocked, id=6580, stack(0x0000000011b50000,0x0000000011c50000)]
  0x000000000f98b800 JavaThread "Thread-3" [_thread_blocked, id=3892, stack(0x0000000010550000,0x0000000010650000)]
  0x000000000d30e000 JavaThread "org.netbeans.modules.debugger.jpda.visual AWT Access Loop" daemon [_thread_blocked, id=2292, stack(0x000000000f080000,0x000000000f180000)]
  0x0000000002912800 JavaThread "DestroyJavaVM" [_thread_blocked, id=6908, stack(0x0000000002710000,0x0000000002810000)]
=>0x000000000d30a800 JavaThread "AWT-EventQueue-0" [_thread_in_native, id=8068, stack(0x000000000e4e0000,0x000000000e5e0000)]
  0x000000000d30a000 JavaThread "AWT-Windows" daemon [_thread_in_native, id=8028, stack(0x000000000e3a0000,0x000000000e4a0000)]
  0x000000000d309000 JavaThread "AWT-Shutdown" [_thread_blocked, id=5104, stack(0x000000000e2a0000,0x000000000e3a0000)]
  0x000000000d306800 JavaThread "Java2D Disposer" daemon [_thread_blocked, id=4324, stack(0x000000000e1a0000,0x000000000e2a0000)]
  0x000000000d0ee000 JavaThread "Service Thread" daemon [_thread_blocked, id=7252, stack(0x000000000dbb0000,0x000000000dcb0000)]
  0x000000000d0ea000 JavaThread "C2 CompilerThread1" daemon [_thread_blocked, id=7880, stack(0x000000000dab0000,0x000000000dbb0000)]
  0x000000000d0e8800 JavaThread "C2 CompilerThread0" daemon [_thread_in_native, id=5896, stack(0x000000000d9b0000,0x000000000dab0000)]
  0x000000000d0da000 JavaThread "JDWP Command Reader" daemon [_thread_in_native, id=6944, stack(0x000000000d8b0000,0x000000000d9b0000)]
  0x000000000d0d5000 JavaThread "JDWP Event Helper Thread" daemon [_thread_blocked, id=6040, stack(0x000000000d7b0000,0x000000000d8b0000)]
  0x0000000002a05800 JavaThread "JDWP Transport Listener: dt_socket" daemon [_thread_blocked, id=7400, stack(0x000000000d6b0000,0x000000000d7b0000)]
  0x00000000029ff000 JavaThread "Attach Listener" daemon [_thread_blocked, id=7116, stack(0x000000000d5b0000,0x000000000d6b0000)]
  0x000000000d0d1800 JavaThread "Signal Dispatcher" daemon [_thread_blocked, id=7408, stack(0x000000000d4b0000,0x000000000d5b0000)]
  0x000000000b0de000 JavaThread "Finalizer" daemon [_thread_blocked, id=8000, stack(0x000000000cfb0000,0x000000000d0b0000)]
  0x000000000b0d5800 JavaThread "Reference Handler" daemon [_thread_blocked, id=1160, stack(0x000000000ceb0000,0x000000000cfb0000)]

Other Threads:
  0x000000000b0d4800 VMThread [stack: 0x000000000cdb0000,0x000000000ceb0000] [id=104]
  0x000000000d10d000 WatcherThread [stack: 0x000000000dcb0000,0x000000000ddb0000] [id=8116]

VM state:not at safepoint (normal execution)

VM Mutex/Monitor currently owned by a thread: None

Heap
 PSYoungGen      total 57344K, used 35554K [0x00000007d5c00000, 0x00000007d9c00000, 0x0000000800000000)
  eden space 55296K, 60% used [0x00000007d5c00000,0x00000007d7cbbf90,0x00000007d9200000)
  from space 2048K, 99% used [0x00000007d9380000,0x00000007d957ca18,0x00000007d9580000)
  to   space 5120K, 0% used [0x00000007d9700000,0x00000007d9700000,0x00000007d9c00000)
 ParOldGen       total 67072K, used 18016K [0x0000000781400000, 0x0000000785580000, 0x00000007d5c00000)
  object space 67072K, 26% used [0x0000000781400000,0x0000000782598038,0x0000000785580000)
 PSPermGen       total 38400K, used 19904K [0x000000077c200000, 0x000000077e780000, 0x0000000781400000)
  object space 38400K, 51% used [0x000000077c200000,0x000000077d5701e8,0x000000077e780000)

Card table byte_map: [0x0000000005a10000,0x0000000005e30000] byte_map_base: 0x0000000001e2f000

Polling page: 0x0000000000f30000

Code Cache  [0x0000000002a10000, 0x0000000003040000, 0x0000000005a10000)
 total_blobs=2320 nmethods=1811 adapters=467 free_code_cache=43136Kb largest_free_block=43858368

Compilation events (10 events):
Event: 835.375 Thread 0x000000000d0ea000 nmethod 2007 0x0000000002f1cd10 code [0x0000000002f1cee0, 0x0000000002f1d560]
Event: 835.599 Thread 0x000000000d0e8800 2008             org.xhtmlrenderer.newtable.TableBox$AutoTableLayout$Layout::setMaxWidth (6 bytes)
Event: 835.600 Thread 0x000000000d0e8800 nmethod 2008 0x0000000002c55350 code [0x0000000002c55480, 0x0000000002c554d8]
Event: 836.297 Thread 0x000000000d0ea000 2009             org.xhtmlrenderer.newtable.TableBox$AutoTableLayout$Layout::setMinWidth (6 bytes)
Event: 836.297 Thread 0x000000000d0ea000 nmethod 2009 0x0000000002d6d210 code [0x0000000002d6d340, 0x0000000002d6d398]
Event: 836.306 Thread 0x000000000d0e8800 2010             org.xhtmlrenderer.newtable.TableBox$AutoTableLayout::recalcColumn (465 bytes)
Event: 836.323 Thread 0x000000000d0e8800 nmethod 2010 0x0000000002cd8d50 code [0x0000000002cd8fc0, 0x0000000002cda7c0]
Event: 836.345 Thread 0x000000000d0ea000 2011             org.xhtmlrenderer.newtable.TableBox$AutoTableLayout$Layout::effMaxWidth (5 bytes)
Event: 836.345 Thread 0x000000000d0ea000 nmethod 2011 0x0000000002c57910 code [0x0000000002c57a40, 0x0000000002c57a98]
Event: 836.566 Thread 0x000000000d0e8800 2012             org.xhtmlrenderer.newtable.TableBox$AutoTableLayout::layout (1548 bytes)

GC Heap History (10 events):
Event: 751.009 GC heap before
{Heap before GC invocations=46 (full 1):
 PSYoungGen      total 67072K, used 64666K [0x00000007d5c00000, 0x00000007da600000, 0x0000000800000000)
  eden space 63488K, 100% used [0x00000007d5c00000,0x00000007d9a00000,0x00000007d9a00000)
  from space 3584K, 32% used [0x00000007da280000,0x00000007da3a69d8,0x00000007da600000)
  to   space 6144K, 0% used [0x00000007d9a00000,0x00000007d9a00000,0x00000007da000000)
 ParOldGen       total 67072K, used 17781K [0x0000000781400000, 0x0000000785580000, 0x00000007d5c00000)
  object space 67072K, 26% used [0x0000000781400000,0x000000078255d778,0x0000000785580000)
 PSPermGen       total 38400K, used 19653K [0x000000077c200000, 0x000000077e780000, 0x0000000781400000)
  object space 38400K, 51% used [0x000000077c200000,0x000000077d531510,0x000000077e780000)
Event: 751.011 GC heap after
Heap after GC invocations=46 (full 1):
 PSYoungGen      total 63488K, used 1934K [0x00000007d5c00000, 0x00000007da300000, 0x0000000800000000)
  eden space 61440K, 0% used [0x00000007d5c00000,0x00000007d5c00000,0x00000007d9800000)
  from space 2048K, 94% used [0x00000007d9a00000,0x00000007d9be3ab0,0x00000007d9c00000)
  to   space 5632K, 0% used [0x00000007d9d80000,0x00000007d9d80000,0x00000007da300000)
 ParOldGen       total 67072K, used 17797K [0x0000000781400000, 0x0000000785580000, 0x00000007d5c00000)
  object space 67072K, 26% used [0x0000000781400000,0x0000000782561778,0x0000000785580000)
 PSPermGen       total 38400K, used 19653K [0x000000077c200000, 0x000000077e780000, 0x0000000781400000)
  object space 38400K, 51% used [0x000000077c200000,0x000000077d531510,0x000000077e780000)
}
Event: 752.142 GC heap before
{Heap before GC invocations=47 (full 1):
 PSYoungGen      total 63488K, used 63374K [0x00000007d5c00000, 0x00000007da300000, 0x0000000800000000)
  eden space 61440K, 100% used [0x00000007d5c00000,0x00000007d9800000,0x00000007d9800000)
  from space 2048K, 94% used [0x00000007d9a00000,0x00000007d9be3ab0,0x00000007d9c00000)
  to   space 5632K, 0% used [0x00000007d9d80000,0x00000007d9d80000,0x00000007da300000)
 ParOldGen       total 67072K, used 17797K [0x0000000781400000, 0x0000000785580000, 0x00000007d5c00000)
  object space 67072K, 26% used [0x0000000781400000,0x0000000782561778,0x0000000785580000)
 PSPermGen       total 38400K, used 19663K [0x000000077c200000, 0x000000077e780000, 0x0000000781400000)
  object space 38400K, 51% used [0x000000077c200000,0x000000077d533ca0,0x000000077e780000)
Event: 752.144 GC heap after
Heap after GC invocations=47 (full 1):
 PSYoungGen      total 64000K, used 1980K [0x00000007d5c00000, 0x00000007da180000, 0x0000000800000000)
  eden space 59904K, 0% used [0x00000007d5c00000,0x00000007d5c00000,0x00000007d9680000)
  from space 4096K, 48% used [0x00000007d9d80000,0x00000007d9f6f290,0x00000007da180000)
  to   space 5632K, 0% used [0x00000007d9680000,0x00000007d9680000,0x00000007d9c00000)
 ParOldGen       total 67072K, used 17821K [0x0000000781400000, 0x0000000785580000, 0x00000007d5c00000)
  object space 67072K, 26% used [0x0000000781400000,0x0000000782567778,0x0000000785580000)
 PSPermGen       total 38400K, used 19663K [0x000000077c200000, 0x000000077e780000, 0x0000000781400000)
  object space 38400K, 51% used [0x000000077c200000,0x000000077d533ca0,0x000000077e780000)
}
Event: 833.563 GC heap before
{Heap before GC invocations=48 (full 1):
 PSYoungGen      total 64000K, used 61884K [0x00000007d5c00000, 0x00000007da180000, 0x0000000800000000)
  eden space 59904K, 100% used [0x00000007d5c00000,0x00000007d9680000,0x00000007d9680000)
  from space 4096K, 48% used [0x00000007d9d80000,0x00000007d9f6f290,0x00000007da180000)
  to   space 5632K, 0% used [0x00000007d9680000,0x00000007d9680000,0x00000007d9c00000)
 ParOldGen       total 67072K, used 17821K [0x0000000781400000, 0x0000000785580000, 0x00000007d5c00000)
  object space 67072K, 26% used [0x0000000781400000,0x0000000782567798,0x0000000785580000)
 PSPermGen       total 38400K, used 19877K [0x000000077c200000, 0x000000077e780000, 0x0000000781400000)
  object space 38400K, 51% used [0x000000077c200000,0x000000077d569680,0x000000077e780000)
Event: 833.565 GC heap after
Heap after GC invocations=48 (full 1):
 PSYoungGen      total 61440K, used 2678K [0x00000007d5c00000, 0x00000007da000000, 0x0000000800000000)
  eden space 58368K, 0% used [0x00000007d5c00000,0x00000007d5c00000,0x00000007d9500000)
  from space 3072K, 87% used [0x00000007d9680000,0x00000007d991da88,0x00000007d9980000)
  to   space 5632K, 0% used [0x00000007d9a80000,0x00000007d9a80000,0x00000007da000000)
 ParOldGen       total 67072K, used 17853K [0x0000000781400000, 0x0000000785580000, 0x00000007d5c00000)
  object space 67072K, 26% used [0x0000000781400000,0x000000078256f798,0x0000000785580000)
 PSPermGen       total 38400K, used 19877K [0x000000077c200000, 0x000000077e780000, 0x0000000781400000)
  object space 38400K, 51% used [0x000000077c200000,0x000000077d569680,0x000000077e780000)
}
Event: 835.029 GC heap before
{Heap before GC invocations=49 (full 1):
 PSYoungGen      total 61440K, used 61046K [0x00000007d5c00000, 0x00000007da000000, 0x0000000800000000)
  eden space 58368K, 100% used [0x00000007d5c00000,0x00000007d9500000,0x00000007d9500000)
  from space 3072K, 87% used [0x00000007d9680000,0x00000007d991da88,0x00000007d9980000)
  to   space 5632K, 0% used [0x00000007d9a80000,0x00000007d9a80000,0x00000007da000000)
 ParOldGen       total 67072K, used 17856K [0x0000000781400000, 0x0000000785580000, 0x00000007d5c00000)
  object space 67072K, 26% used [0x0000000781400000,0x0000000782570038,0x0000000785580000)
 PSPermGen       total 38400K, used 19891K [0x000000077c200000, 0x000000077e780000, 0x0000000781400000)
  object space 38400K, 51% used [0x000000077c200000,0x000000077d56cd00,0x000000077e780000)
Event: 835.034 GC heap after
Heap after GC invocations=49 (full 1):
 PSYoungGen      total 59904K, used 1329K [0x00000007d5c00000, 0x00000007d9d80000, 0x0000000800000000)
  eden space 56832K, 0% used [0x00000007d5c00000,0x00000007d5c00000,0x00000007d9380000)
  from space 3072K, 43% used [0x00000007d9a80000,0x00000007d9bcc750,0x00000007d9d80000)
  to   space 5120K, 0% used [0x00000007d9380000,0x00000007d9380000,0x00000007d9880000)
 ParOldGen       total 67072K, used 18008K [0x0000000781400000, 0x0000000785580000, 0x00000007d5c00000)
  object space 67072K, 26% used [0x0000000781400000,0x0000000782596038,0x0000000785580000)
 PSPermGen       total 38400K, used 19891K [0x000000077c200000, 0x000000077e780000, 0x0000000781400000)
  object space 38400K, 51% used [0x000000077c200000,0x000000077d56cd00,0x000000077e780000)
}
Event: 836.169 GC heap before
{Heap before GC invocations=50 (full 1):
 PSYoungGen      total 59904K, used 58161K [0x00000007d5c00000, 0x00000007d9d80000, 0x0000000800000000)
  eden space 56832K, 100% used [0x00000007d5c00000,0x00000007d9380000,0x00000007d9380000)
  from space 3072K, 43% used [0x00000007d9a80000,0x00000007d9bcc750,0x00000007d9d80000)
  to   space 5120K, 0% used [0x00000007d9380000,0x00000007d9380000,0x00000007d9880000)
 ParOldGen       total 67072K, used 18008K [0x0000000781400000, 0x0000000785580000, 0x00000007d5c00000)
  object space 67072K, 26% used [0x0000000781400000,0x0000000782596038,0x0000000785580000)
 PSPermGen       total 38400K, used 19895K [0x000000077c200000, 0x000000077e780000, 0x0000000781400000)
  object space 38400K, 51% used [0x000000077c200000,0x000000077d56dc58,0x000000077e780000)
Event: 836.171 GC heap after
Heap after GC invocations=50 (full 1):
 PSYoungGen      total 57344K, used 2034K [0x00000007d5c00000, 0x00000007d9c00000, 0x0000000800000000)
  eden space 55296K, 0% used [0x00000007d5c00000,0x00000007d5c00000,0x00000007d9200000)
  from space 2048K, 99% used [0x00000007d9380000,0x00000007d957ca18,0x00000007d9580000)
  to   space 5120K, 0% used [0x00000007d9700000,0x00000007d9700000,0x00000007d9c00000)
 ParOldGen       total 67072K, used 18016K [0x0000000781400000, 0x0000000785580000, 0x00000007d5c00000)
  object space 67072K, 26% used [0x0000000781400000,0x0000000782598038,0x0000000785580000)
 PSPermGen       total 38400K, used 19895K [0x000000077c200000, 0x000000077e780000, 0x0000000781400000)
  object space 38400K, 51% used [0x000000077c200000,0x000000077d56dc58,0x000000077e780000)
}

Deoptimization events (10 events):
Event: 245.199 Thread 0x000000000d30a800 Uncommon trap: reason=unreached action=reinterpret pc=0x0000000002dd838c method=sun.java2d.SunGraphics2D.validateColor()V @ 48
Event: 415.164 Thread 0x000000000d30a800 Uncommon trap: reason=class_check action=maybe_recompile pc=0x0000000002bd61f8 method=java.util.Arrays.copyOf([Ljava/lang/Object;ILjava/lang/Class;)[Ljava/lang/Object; @ 25
Event: 415.165 Thread 0x000000000d30a800 Uncommon trap: reason=class_check action=maybe_recompile pc=0x0000000002bd61f8 method=java.util.Arrays.copyOf([Ljava/lang/Object;ILjava/lang/Class;)[Ljava/lang/Object; @ 25
Event: 415.169 Thread 0x000000000d30a800 Uncommon trap: reason=class_check action=maybe_recompile pc=0x0000000002ca200c method=java.util.ArrayList.addAll(Ljava/util/Collection;)Z @ 1
Event: 415.170 Thread 0x000000000d30a800 Uncommon trap: reason=class_check action=maybe_recompile pc=0x0000000002ca200c method=java.util.ArrayList.addAll(Ljava/util/Collection;)Z @ 1
Event: 415.173 Thread 0x000000000d30a800 Uncommon trap: reason=class_check action=maybe_recompile pc=0x0000000002c9bb58 method=java.util.HashMap.<init>(IF)V @ 115
Event: 415.173 Thread 0x000000000d30a800 Uncommon trap: reason=class_check action=maybe_recompile pc=0x0000000002c9bb58 method=java.util.HashMap.<init>(IF)V @ 115
Event: 432.497 Thread 0x000000000d30a800 Uncommon trap: reason=null_check action=make_not_entrant pc=0x0000000002b6d3dc method=org.xhtmlrenderer.newtable.TableBox.sectionBelow(Lorg/xhtmlrenderer/newtable/TableSectionBox;Z)Lorg/xhtmlrenderer/newtable/TableSectionBox; @ 4
Event: 470.267 Thread 0x000000000d30a800 Uncommon trap: reason=null_check action=make_not_entrant pc=0x0000000002c558dc method=org.xhtmlrenderer.newtable.TableBox.sectionBelow(Lorg/xhtmlrenderer/newtable/TableSectionBox;Z)Lorg/xhtmlrenderer/newtable/TableSectionBox; @ 4
Event: 739.204 Thread 0x000000000d30a800 Uncommon trap: reason=unreached action=reinterpret pc=0x0000000002cf2a64 method=org.xhtmlrenderer.layout.BlockBoxing.layoutContent(Lorg/xhtmlrenderer/layout/LayoutContext;Lorg/xhtmlrenderer/render/BlockBox;I)V @ 409

Internal exceptions (10 events):
Event: 197.417 Thread 0x000000000d30a800 Implicit null exception at 0x0000000002c2e3ec to 0x0000000002c2e446
Event: 197.417 Thread 0x000000000d30a800 Implicit null exception at 0x0000000002d4f96d to 0x0000000002d4fd4d
Event: 197.417 Thread 0x000000000d30a800 Implicit null exception at 0x0000000002c37cab to 0x0000000002c38b21
Event: 197.422 Thread 0x000000000d30a800 Implicit null exception at 0x0000000002dd95da to 0x0000000002dd98f9
Event: 197.422 Thread 0x000000000d30a800 Implicit null exception at 0x0000000002d31d90 to 0x0000000002d31dc1
Event: 199.751 Thread 0x000000000d30a800 Implicit null exception at 0x0000000002c193f8 to 0x0000000002c1a499
Event: 215.100 Thread 0x000000000d30a800 Implicit null exception at 0x0000000002e304c0 to 0x0000000002e326b5
Event: 432.497 Thread 0x000000000d30a800 Implicit null exception at 0x0000000002b6d23f to 0x0000000002b6d3a1
Event: 470.267 Thread 0x000000000d30a800 Implicit null exception at 0x0000000002c5573f to 0x0000000002c558a1
Event: 477.867 Thread 0x000000000d30a800 Threw 0x00000007dab9ab28 at C:\re\jdk7u55\869\hotspot\src\share\vm\prims\jvm.cpp:1244

Events (10 events):
Event: 833.653 Thread 0x000000000d0e8800 flushing nmethod 0x0000000002f4bd50
Event: 833.653 Thread 0x000000000d0e8800 flushing nmethod 0x0000000002f4db10
Event: 833.653 Thread 0x000000000d0e8800 flushing nmethod 0x0000000002f5b650
Event: 833.653 Thread 0x000000000d0e8800 flushing nmethod 0x0000000002f625d0
Event: 835.029 Executing VM operation: ParallelGCFailedAllocation
Event: 835.035 Executing VM operation: ParallelGCFailedAllocation done
Event: 836.169 Executing VM operation: ParallelGCFailedAllocation
Event: 836.171 Executing VM operation: ParallelGCFailedAllocation done
Event: 836.297 Thread 0x000000000d0ea000 flushing nmethod 0x0000000002c57910
Event: 836.297 Thread 0x000000000d0ea000 flushing nmethod 0x0000000002c57ed0


Dynamic libraries:
0x00007ff64cee0000 - 0x00007ff64cf13000 	C:\Program Files\Java\jdk1.7.0_55\bin\java.exe
0x00007ffa22270000 - 0x00007ffa22416000 	C:\windows\SYSTEM32\ntdll.dll
0x00007ffa20850000 - 0x00007ffa2098a000 	C:\windows\system32\KERNEL32.DLL
0x00007ffa1f9a0000 - 0x00007ffa1faaf000 	C:\windows\system32\KERNELBASE.dll
0x00007ffa1e220000 - 0x00007ffa1e2a8000 	C:\windows\system32\apphelp.dll
0x00007ffa0d9a0000 - 0x00007ffa0d9ef000 	C:\windows\AppPatch\AppPatch64\AcGenral.DLL
0x00007ffa1fe40000 - 0x00007ffa1fee7000 	C:\windows\system32\msvcrt.dll
0x00007ffa1f3d0000 - 0x00007ffa1f3fb000 	C:\windows\SYSTEM32\SspiCli.dll
0x00007ffa22090000 - 0x00007ffa220e1000 	C:\windows\system32\SHLWAPI.dll
0x00007ffa1fc50000 - 0x00007ffa1fdc1000 	C:\windows\system32\USER32.dll
0x00007ffa220f0000 - 0x00007ffa22268000 	C:\windows\system32\ole32.dll
0x00007ffa20c80000 - 0x00007ffa2208f000 	C:\windows\system32\SHELL32.dll
0x00007ffa1eb90000 - 0x00007ffa1ebae000 	C:\windows\SYSTEM32\USERENV.dll
0x00007ffa1fef0000 - 0x00007ffa1ff95000 	C:\windows\system32\ADVAPI32.dll
0x00007ffa1a420000 - 0x00007ffa1a43b000 	C:\windows\SYSTEM32\MPR.dll
0x00007ffa1fb00000 - 0x00007ffa1fc37000 	C:\windows\system32\RPCRT4.dll
0x00007ffa20b80000 - 0x00007ffa20bd7000 	C:\windows\SYSTEM32\sechost.dll
0x00007ffa20450000 - 0x00007ffa20626000 	C:\windows\SYSTEM32\combase.dll
0x00007ffa20a30000 - 0x00007ffa20b74000 	C:\windows\system32\GDI32.dll
0x00007ffa1f5f0000 - 0x00007ffa1f604000 	C:\windows\SYSTEM32\profapi.dll
0x00007ffa1def0000 - 0x00007ffa1df8f000 	C:\windows\SYSTEM32\SHCORE.dll
0x00007ffa209f0000 - 0x00007ffa20a24000 	C:\windows\system32\IMM32.DLL
0x00007ffa20640000 - 0x00007ffa20779000 	C:\windows\system32\MSCTF.dll
0x00007ffa1d800000 - 0x00007ffa1da5a000 	C:\windows\WinSxS\amd64_microsoft.windows.common-controls_6595b64144ccf1df_6.0.9600.17031_none_6242a4b3ecbb55a1\COMCTL32.dll
0x0000000064490000 - 0x0000000064562000 	C:\Program Files\Java\jdk1.7.0_55\jre\bin\msvcr100.dll
0x00000000634d0000 - 0x0000000063c99000 	C:\Program Files\Java\jdk1.7.0_55\jre\bin\server\jvm.dll
0x00007ffa15ce0000 - 0x00007ffa15ce9000 	C:\windows\SYSTEM32\WSOCK32.dll
0x00007ffa1c890000 - 0x00007ffa1c8af000 	C:\windows\SYSTEM32\WINMM.dll
0x00007ffa20630000 - 0x00007ffa20637000 	C:\windows\system32\PSAPI.DLL
0x00007ffa20180000 - 0x00007ffa201d8000 	C:\windows\system32\WS2_32.dll
0x00007ffa1c310000 - 0x00007ffa1c33a000 	C:\windows\SYSTEM32\WINMMBASE.dll
0x00007ffa1fdd0000 - 0x00007ffa1fdd9000 	C:\windows\system32\NSI.dll
0x00007ffa1f950000 - 0x00007ffa1f99a000 	C:\windows\SYSTEM32\cfgmgr32.dll
0x00007ffa1e4a0000 - 0x00007ffa1e4c6000 	C:\windows\SYSTEM32\DEVOBJ.dll
0x00000000645a0000 - 0x00000000645af000 	C:\Program Files\Java\jdk1.7.0_55\jre\bin\verify.dll
0x0000000064420000 - 0x0000000064448000 	C:\Program Files\Java\jdk1.7.0_55\jre\bin\java.dll
0x0000000063200000 - 0x0000000063235000 	C:\Program Files\Java\jdk1.7.0_55\jre\bin\jdwp.dll
0x00000000631f0000 - 0x00000000631f8000 	C:\Program Files\Java\jdk1.7.0_55\jre\bin\npt.dll
0x0000000064580000 - 0x0000000064595000 	C:\Program Files\Java\jdk1.7.0_55\jre\bin\zip.dll
0x00000000631e0000 - 0x00000000631e9000 	C:\Program Files\Java\jdk1.7.0_55\jre\bin\dt_socket.dll
0x00007ffa1ee50000 - 0x00007ffa1eea8000 	C:\windows\system32\mswsock.dll
0x0000000063330000 - 0x00000000634c5000 	C:\Program Files\Java\jdk1.7.0_55\jre\bin\awt.dll
0x00007ffa20790000 - 0x00007ffa20847000 	C:\windows\system32\OLEAUT32.dll
0x00007ffa1e2f0000 - 0x00007ffa1e411000 	C:\windows\system32\uxtheme.dll
0x00007ffa188d0000 - 0x00007ffa18968000 	C:\Program Files\Common Files\microsoft shared\ink\tiptsf.dll
0x00007ffa1dd20000 - 0x00007ffa1dd40000 	C:\windows\system32\dwmapi.dll
0x00007ffa1e470000 - 0x00007ffa1e47a000 	C:\windows\SYSTEM32\kernel.appcore.dll
0x00007ffa1f460000 - 0x00007ffa1f46a000 	C:\windows\SYSTEM32\CRYPTBASE.dll
0x00007ffa1f400000 - 0x00007ffa1f460000 	C:\windows\SYSTEM32\bcryptPrimitives.dll
0x0000000064400000 - 0x0000000064419000 	C:\Program Files\Java\jdk1.7.0_55\jre\bin\net.dll
0x00000000643e0000 - 0x00000000643f1000 	C:\Program Files\Java\jdk1.7.0_55\jre\bin\nio.dll
0x0000000064390000 - 0x00000000643d7000 	C:\Program Files\Java\jdk1.7.0_55\jre\bin\fontmanager.dll
0x00007ffa1eeb0000 - 0x00007ffa1eece000 	C:\windows\SYSTEM32\CRYPTSP.dll
0x00007ffa1eaa0000 - 0x00007ffa1ead5000 	C:\windows\system32\rsaenh.dll
0x00007ffa1f0a0000 - 0x00007ffa1f0c6000 	C:\windows\SYSTEM32\bcrypt.dll
0x00007ffa19a00000 - 0x00007ffa19a29000 	C:\windows\SYSTEM32\IPHLPAPI.DLL
0x00007ffa1a3f0000 - 0x00007ffa1a3fa000 	C:\windows\SYSTEM32\WINNSI.DLL
0x00007ffa19590000 - 0x00007ffa195a4000 	C:\windows\SYSTEM32\dhcpcsvc6.DLL
0x00007ffa19660000 - 0x00007ffa19679000 	C:\windows\SYSTEM32\dhcpcsvc.DLL
0x00007ffa20200000 - 0x00007ffa202a4000 	C:\windows\SYSTEM32\clbcatq.dll
0x00007ffa1d660000 - 0x00007ffa1d7f3000 	C:\windows\SYSTEM32\WindowsCodecs.dll
0x0000000064340000 - 0x0000000064381000 	C:\Program Files\Java\jdk1.7.0_55\jre\bin\t2k.dll
0x00007ffa1c560000 - 0x00007ffa1c5c3000 	C:\windows\SYSTEM32\oleacc.dll
0x0000000064300000 - 0x000000006432a000 	C:\Program Files\Java\jdk1.7.0_55\jre\bin\dcpr.dll
0x00000000631b0000 - 0x00000000631e0000 	C:\Program Files\Java\jdk1.7.0_55\jre\bin\jpeg.dll
0x00007ffa114e0000 - 0x00007ffa11668000 	C:\windows\SYSTEM32\dbghelp.dll

VM Arguments:
jvm_args: -Xdebug -Xrunjdwp:transport=dt_socket,server=n,address=53142 
java_command: org.xhtmlrenderer.demo.browser.BrowserStartup
Launcher Type: SUN_STANDARD

Environment Variables:
JAVA_HOME=C:\Program Files\Java\jdk1.7.0_55
PATH=C:\cmds\;C:\Program Files (x86)\Intel\iCLS Client\;C:\Program Files\Intel\iCLS Client\;C:\Program Files (x86)\NVIDIA Corporation\PhysX\Common;C:\windows\system32;C:\windows;C:\windows\System32\Wbem;C:\windows\System32\WindowsPowerShell\v1.0\;C:\Program Files\Intel\Intel(R) Management Engine Components\DAL;C:\Program Files\Intel\Intel(R) Management Engine Components\IPT;C:\Program Files (x86)\Intel\Intel(R) Management Engine Components\DAL;C:\Program Files (x86)\Intel\Intel(R) Management Engine Components\IPT;C:\Program Files\Intel\WiFi\bin\;C:\Program Files\Common Files\Intel\WirelessCommon\;C:\Program Files\Condusiv Technologies\ExpressCache\
USERNAME=toby_000
OS=Windows_NT
PROCESSOR_IDENTIFIER=Intel64 Family 6 Model 60 Stepping 3, GenuineIntel



---------------  S Y S T E M  ---------------

OS: Windows 8.1 , 64 bit Build 9600 

CPU:total 8 (4 cores per cpu, 2 threads per core) family 6 model 60 stepping 3, cmov, cx8, fxsr, mmx, sse, sse2, sse3, ssse3, sse4.1, sse4.2, popcnt, avx, avx2, aes, erms, ht, tsc, tscinvbit

Memory: 4k page, physical 8298776k(1950796k free), swap 25684852k(11488564k free)

vm_info: Java HotSpot(TM) 64-Bit Server VM (24.55-b03) for windows-amd64 JRE (1.7.0_55-b13), built on Mar 17 2014 19:45:30 by "java_re" with unknown MS VC++:1600

time: Mon Nov 10 15:40:25 2014
elapsed time: 836 seconds

